c:\users\irina\desktop\training\newintership_23_05_2013_v2\newintership_23_05_2013\newtrainingframework\newtrainingframework\debug-ati\newtrainingframework.pch
c:\users\irina\desktop\training\newintership_23_05_2013_v2\newintership_23_05_2013\newtrainingframework\newtrainingframework\debug-ati\stdafx.obj
c:\users\irina\desktop\training\newintership_23_05_2013_v2\newintership_23_05_2013\newtrainingframework\newtrainingframework\debug-ati\vc100.pdb
c:\users\irina\desktop\training\newintership_23_05_2013_v2\newintership_23_05_2013\newtrainingframework\newtrainingframework\debug-ati\newtrainingframework.obj
c:\users\irina\desktop\training\newintership_23_05_2013_v2\newintership_23_05_2013\newtrainingframework\newtrainingframework\debug-ati\shaders.obj
c:\users\irina\desktop\training\newintership_23_05_2013_v2\newintership_23_05_2013\newtrainingframework\bin-ati\newtrainingframework.ilk
c:\users\irina\desktop\training\newintership_23_05_2013_v2\newintership_23_05_2013\newtrainingframework\bin-ati\newtrainingframework.exe
c:\users\irina\desktop\training\newintership_23_05_2013_v2\newintership_23_05_2013\newtrainingframework\newtrainingframework\debug-ati\newtrainingframework.exe.intermediate.manifest
c:\users\irina\desktop\training\newintership_23_05_2013_v2\newintership_23_05_2013\newtrainingframework\bin-ati\newtrainingframework.pdb
c:\users\irina\desktop\training\newintership_23_05_2013_v2\newintership_23_05_2013\newtrainingframework\newtrainingframework\debug-ati\newtrainingframework.exe.embed.manifest
c:\users\irina\desktop\training\newintership_23_05_2013_v2\newintership_23_05_2013\newtrainingframework\newtrainingframework\debug-ati\newtrainingframework.exe.embed.manifest.res
d:\workshop\proiect_2015\proiect_2015\newtrainingframework_2015\newtrainingframework\debug-ati\newtrainingframework.pch
d:\workshop\proiect_2015\proiect_2015\newtrainingframework_2015\newtrainingframework\debug-ati\vc140.pdb
d:\workshop\proiect_2015\proiect_2015\newtrainingframework_2015\newtrainingframework\debug-ati\vc140.idb
d:\workshop\proiect_2015\proiect_2015\newtrainingframework_2015\newtrainingframework\debug-ati\stdafx.obj
d:\workshop\proiect_2015\proiect_2015\newtrainingframework_2015\newtrainingframework\debug-ati\shaders.obj
d:\workshop\proiect_2015\proiect_2015\newtrainingframework_2015\newtrainingframework\debug-ati\newtrainingframework.obj
c:\users\acer\desktop\proiect_2015\newtrainingframework_2015\newtrainingframework\debug-ati\vc140.pdb
c:\users\acer\desktop\proiect_2015\newtrainingframework_2015\newtrainingframework\debug-ati\vc140.idb
c:\users\acer\desktop\proiect_2015\newtrainingframework_2015\newtrainingframework\debug-ati\newtrainingframework.pch
c:\users\acer\desktop\proiect_2015\newtrainingframework_2015\newtrainingframework\debug-ati\newtrainingframework.obj
c:\users\acer\desktop\proiect_2015\newtrainingframework_2015\newtrainingframework\debug-ati\shaders.obj
c:\users\acer\desktop\proiect_2015\newtrainingframework_2015\newtrainingframework\debug-ati\cl.command.1.tlog
c:\users\acer\desktop\proiect_2015\newtrainingframework_2015\newtrainingframework\debug-ati\cl.read.1.tlog
c:\users\acer\desktop\proiect_2015\newtrainingframework_2015\newtrainingframework\debug-ati\cl.write.1.tlog
c:\users\acer\desktop\proiect_2015\newtrainingframework_2015\newtrainingframework\debug-ati\link-cvtres.read.1.tlog
c:\users\acer\desktop\proiect_2015\newtrainingframework_2015\newtrainingframework\debug-ati\link-cvtres.write.1.tlog
c:\users\acer\desktop\proiect_2015\newtrainingframework_2015\newtrainingframework\debug-ati\link.9952-cvtres.read.1.tlog
c:\users\acer\desktop\proiect_2015\newtrainingframework_2015\newtrainingframework\debug-ati\link.9952-cvtres.write.1.tlog
c:\users\acer\desktop\proiect_2015\newtrainingframework_2015\newtrainingframework\debug-ati\link.9952.read.1.tlog
c:\users\acer\desktop\proiect_2015\newtrainingframework_2015\newtrainingframework\debug-ati\link.9952.write.1.tlog
c:\users\acer\desktop\proiect_2015\newtrainingframework_2015\newtrainingframework\debug-ati\link.command.1.tlog
c:\users\acer\desktop\proiect_2015\newtrainingframework_2015\newtrainingframework\debug-ati\link.read.1.tlog
c:\users\acer\desktop\proiect_2015\newtrainingframework_2015\newtrainingframework\debug-ati\link.write.1.tlog
c:\users\acer\desktop\proiect_2015\newtrainingframework_2015\newtrainingframework\debug-ati\mt.command.1.tlog
c:\users\acer\desktop\proiect_2015\newtrainingframework_2015\newtrainingframework\debug-ati\mt.read.1.tlog
c:\users\acer\desktop\proiect_2015\newtrainingframework_2015\newtrainingframework\debug-ati\mt.write.1.tlog
c:\users\acer\desktop\proiect_2015\newtrainingframework_2015\newtrainingframework\debug-ati\newtrainingframework.write.1.tlog
c:\users\acer\desktop\proiect_2015\newtrainingframework_2015\newtrainingframework\debug-ati\rc.command.1.tlog
c:\users\acer\desktop\proiect_2015\newtrainingframework_2015\newtrainingframework\debug-ati\rc.read.1.tlog
c:\users\acer\desktop\proiect_2015\newtrainingframework_2015\newtrainingframework\debug-ati\rc.write.1.tlog
c:\users\acer\desktop\proiect_2015\newtrainingframework_2015\newtrainingframework\debug-ati\newtrainingframework.exe.embed.manifest
c:\users\acer\desktop\proiect_2015\newtrainingframework_2015\newtrainingframework\debug-ati\newtrainingframework.exe.intermediate.manifest
c:\users\acer\desktop\proiect_2015\newtrainingframework_2015\newtrainingframework\debug-ati\newtrainingframework.exe.embed.manifest.res
c:\users\acer\desktop\proiect_2015\newtrainingframework_2015\newtrainingframework\debug-ati\vc100.idb
c:\users\acer\desktop\proiect_2015\newtrainingframework_2015\newtrainingframework\debug-ati\vc100.pdb
c:\users\acer\desktop\proiect_2015\newtrainingframework_2015\newtrainingframework\debug-ati\newtrainingframework_manifest.rc
c:\users\acer\desktop\proiect_2015\newtrainingframework_2015\\bin-ati\newtrainingframework.pdb
c:\users\acer\desktop\proiect_2015\newtrainingframework_2015\newtrainingframework\debug-ati\newtrain.fc024ec8.tlog\cl.command.1.tlog
c:\users\acer\desktop\proiect_2015\newtrainingframework_2015\newtrainingframework\debug-ati\newtrain.fc024ec8.tlog\cl.read.1.tlog
c:\users\acer\desktop\proiect_2015\newtrainingframework_2015\newtrainingframework\debug-ati\newtrain.fc024ec8.tlog\cl.write.1.tlog
c:\users\acer\desktop\proiect_2015\newtrainingframework_2015\newtrainingframework\debug-ati\newtrain.fc024ec8.tlog\link-cvtres.read.1.tlog
c:\users\acer\desktop\proiect_2015\newtrainingframework_2015\newtrainingframework\debug-ati\newtrain.fc024ec8.tlog\link-cvtres.write.1.tlog
c:\users\acer\desktop\proiect_2015\newtrainingframework_2015\newtrainingframework\debug-ati\newtrain.fc024ec8.tlog\link-rc.read.1.tlog
c:\users\acer\desktop\proiect_2015\newtrainingframework_2015\newtrainingframework\debug-ati\newtrain.fc024ec8.tlog\link-rc.write.1.tlog
c:\users\acer\desktop\proiect_2015\newtrainingframework_2015\newtrainingframework\debug-ati\newtrain.fc024ec8.tlog\link.command.1.tlog
c:\users\acer\desktop\proiect_2015\newtrainingframework_2015\newtrainingframework\debug-ati\newtrain.fc024ec8.tlog\link.read.1.tlog
c:\users\acer\desktop\proiect_2015\newtrainingframework_2015\newtrainingframework\debug-ati\newtrain.fc024ec8.tlog\link.write.1.tlog
