c:\users\irina\desktop\training\newintership_23_05_2013_v2\newintership_23_05_2013\newtrainingframework\utilities\debug-ati\utilities.pch
c:\users\irina\desktop\training\newintership_23_05_2013_v2\newintership_23_05_2013\newtrainingframework\utilities\debug-ati\stdafx.obj
c:\users\irina\desktop\training\newintership_23_05_2013_v2\newintership_23_05_2013\newtrainingframework\utilities\debug-ati\vc100.pdb
c:\users\irina\desktop\training\newintership_23_05_2013_v2\newintership_23_05_2013\newtrainingframework\utilities\debug-ati\esshader.obj
c:\users\irina\desktop\training\newintership_23_05_2013_v2\newintership_23_05_2013\newtrainingframework\utilities\debug-ati\esutil.obj
c:\users\irina\desktop\training\newintership_23_05_2013_v2\newintership_23_05_2013\newtrainingframework\utilities\debug-ati\esutil_win.obj
c:\users\irina\desktop\training\newintership_23_05_2013_v2\newintership_23_05_2013\newtrainingframework\utilities\debug-ati\math.obj
c:\users\irina\desktop\training\newintership_23_05_2013_v2\newintership_23_05_2013\newtrainingframework\utilities\debug-ati\tga.obj
c:\users\irina\desktop\training\newintership_23_05_2013_v2\newintership_23_05_2013\newtrainingframework\bin-ati\utilities.lib
d:\workshop\proiect_2015\proiect_2015\newtrainingframework_2015\utilities\debug-ati\utilities.pch
d:\workshop\proiect_2015\proiect_2015\newtrainingframework_2015\utilities\debug-ati\utilities.pdb
d:\workshop\proiect_2015\proiect_2015\newtrainingframework_2015\utilities\debug-ati\utilities.idb
d:\workshop\proiect_2015\proiect_2015\newtrainingframework_2015\utilities\debug-ati\stdafx.obj
d:\workshop\proiect_2015\proiect_2015\newtrainingframework_2015\utilities\debug-ati\tga.obj
d:\workshop\proiect_2015\proiect_2015\newtrainingframework_2015\utilities\debug-ati\math.obj
d:\workshop\proiect_2015\proiect_2015\newtrainingframework_2015\utilities\debug-ati\esutil_win.obj
d:\workshop\proiect_2015\proiect_2015\newtrainingframework_2015\utilities\debug-ati\esutil.obj
d:\workshop\proiect_2015\proiect_2015\newtrainingframework_2015\utilities\debug-ati\esshader.obj
c:\users\acer\desktop\proiect_2015\newtrainingframework_2015\utilities\debug-ati\utilities.pch
c:\users\acer\desktop\proiect_2015\newtrainingframework_2015\utilities\debug-ati\utilities.pdb
c:\users\acer\desktop\proiect_2015\newtrainingframework_2015\utilities\debug-ati\utilities.idb
c:\users\acer\desktop\proiect_2015\newtrainingframework_2015\utilities\debug-ati\stdafx.obj
c:\users\acer\desktop\proiect_2015\newtrainingframework_2015\utilities\debug-ati\tga.obj
c:\users\acer\desktop\proiect_2015\newtrainingframework_2015\utilities\debug-ati\math.obj
c:\users\acer\desktop\proiect_2015\newtrainingframework_2015\utilities\debug-ati\esutil_win.obj
c:\users\acer\desktop\proiect_2015\newtrainingframework_2015\utilities\debug-ati\esutil.obj
c:\users\acer\desktop\proiect_2015\newtrainingframework_2015\utilities\debug-ati\esshader.obj
d:\workshop\proiect_2015\proiect_2015\newtrainingframework_2015\bin-ati\utilities.lib
c:\users\acer\desktop\proiect_2015\newtrainingframework_2015\bin-ati\utilities.lib
c:\users\acer\desktop\proiect_2015\newtrainingframework_2015\utilities\debug-ati\utilities.vcxprojresolveassemblyreference.cache
c:\users\acer\desktop\proiect_2015\newtrainingframework_2015\utilities\debug-ati\cl.command.1.tlog
c:\users\acer\desktop\proiect_2015\newtrainingframework_2015\utilities\debug-ati\cl.read.1.tlog
c:\users\acer\desktop\proiect_2015\newtrainingframework_2015\utilities\debug-ati\cl.write.1.tlog
c:\users\acer\desktop\proiect_2015\newtrainingframework_2015\utilities\debug-ati\lib-link.read.1.tlog
c:\users\acer\desktop\proiect_2015\newtrainingframework_2015\utilities\debug-ati\lib-link.write.1.tlog
c:\users\acer\desktop\proiect_2015\newtrainingframework_2015\utilities\debug-ati\lib.command.1.tlog
c:\users\acer\desktop\proiect_2015\newtrainingframework_2015\utilities\debug-ati\utilities.write.1.tlog
c:\users\acer\desktop\proiect_2015\newtrainingframework_2015\utilities\debug-ati\vc100.idb
c:\users\acer\desktop\proiect_2015\newtrainingframework_2015\utilities\debug-ati\vc100.pdb
c:\users\acer\desktop\proiect_2015\newtrainingframework_2015\utilities\debug-ati\utilities.tlog\cl.command.1.tlog
c:\users\acer\desktop\proiect_2015\newtrainingframework_2015\utilities\debug-ati\utilities.tlog\cl.read.1.tlog
c:\users\acer\desktop\proiect_2015\newtrainingframework_2015\utilities\debug-ati\utilities.tlog\cl.write.1.tlog
c:\users\acer\desktop\proiect_2015\newtrainingframework_2015\utilities\debug-ati\utilities.tlog\lib-link.read.1.tlog
c:\users\acer\desktop\proiect_2015\newtrainingframework_2015\utilities\debug-ati\utilities.tlog\lib-link.write.1.tlog
c:\users\acer\desktop\proiect_2015\newtrainingframework_2015\utilities\debug-ati\utilities.tlog\lib.command.1.tlog
