  stdafx.cpp
  Camera.cpp
Camera.cpp(112): warning C4305: '=': truncation from 'double' to 'GLfloat'
  FileManager.cpp
  Model.cpp
  NewTrainingFramework.cpp
  ResourceManager.cpp
  SceneManager.cpp
SceneManager.cpp(64): warning C4244: '=': conversion from 'double' to 'float', possible loss of data
SceneManager.cpp(67): warning C4244: '=': conversion from 'double' to 'GLfloat', possible loss of data
SceneManager.cpp(68): warning C4244: '=': conversion from 'double' to 'GLfloat', possible loss of data
SceneManager.cpp(69): warning C4244: '=': conversion from 'double' to 'GLfloat', possible loss of data
SceneManager.cpp(72): warning C4244: '=': conversion from 'double' to 'GLfloat', possible loss of data
SceneManager.cpp(73): warning C4244: '=': conversion from 'double' to 'GLfloat', possible loss of data
SceneManager.cpp(74): warning C4244: '=': conversion from 'double' to 'GLfloat', possible loss of data
SceneManager.cpp(77): warning C4244: '=': conversion from 'double' to 'GLfloat', possible loss of data
SceneManager.cpp(78): warning C4244: '=': conversion from 'double' to 'GLfloat', possible loss of data
SceneManager.cpp(79): warning C4244: '=': conversion from 'double' to 'GLfloat', possible loss of data
SceneManager.cpp(121): warning C4244: '=': conversion from 'double' to 'GLfloat', possible loss of data
SceneManager.cpp(122): warning C4244: '=': conversion from 'double' to 'GLfloat', possible loss of data
SceneManager.cpp(123): warning C4244: '=': conversion from 'double' to 'GLfloat', possible loss of data
SceneManager.cpp(126): warning C4244: '=': conversion from 'double' to 'GLfloat', possible loss of data
SceneManager.cpp(127): warning C4244: '=': conversion from 'double' to 'GLfloat', possible loss of data
SceneManager.cpp(128): warning C4244: '=': conversion from 'double' to 'GLfloat', possible loss of data
SceneManager.cpp(131): warning C4244: '=': conversion from 'double' to 'GLfloat', possible loss of data
SceneManager.cpp(132): warning C4244: '=': conversion from 'double' to 'GLfloat', possible loss of data
SceneManager.cpp(133): warning C4244: '=': conversion from 'double' to 'GLfloat', possible loss of data
SceneManager.cpp(148): warning C4244: '=': conversion from 'double' to 'GLfloat', possible loss of data
SceneManager.cpp(149): warning C4244: '=': conversion from 'double' to 'GLfloat', possible loss of data
SceneManager.cpp(150): warning C4244: '=': conversion from 'double' to 'GLfloat', possible loss of data
SceneManager.cpp(153): warning C4244: '=': conversion from 'double' to 'GLfloat', possible loss of data
SceneManager.cpp(154): warning C4244: '=': conversion from 'double' to 'GLfloat', possible loss of data
SceneManager.cpp(155): warning C4244: '=': conversion from 'double' to 'GLfloat', possible loss of data
SceneManager.cpp(158): warning C4244: '=': conversion from 'double' to 'GLfloat', possible loss of data
SceneManager.cpp(159): warning C4244: '=': conversion from 'double' to 'GLfloat', possible loss of data
SceneManager.cpp(160): warning C4244: '=': conversion from 'double' to 'GLfloat', possible loss of data
SceneManager.cpp(162): warning C4244: '=': conversion from 'double' to 'GLfloat', possible loss of data
SceneManager.cpp(163): warning C4244: '=': conversion from 'double' to 'GLfloat', possible loss of data
SceneManager.cpp(164): warning C4244: '=': conversion from 'double' to 'GLfloat', possible loss of data
SceneManager.cpp(165): warning C4244: '=': conversion from 'double' to 'GLfloat', possible loss of data
SceneManager.cpp(166): warning C4244: '=': conversion from 'double' to 'GLfloat', possible loss of data
SceneManager.cpp(174): warning C4244: '=': conversion from 'double' to 'GLfloat', possible loss of data
SceneManager.cpp(175): warning C4244: '=': conversion from 'double' to 'GLfloat', possible loss of data
SceneManager.cpp(176): warning C4244: '=': conversion from 'double' to 'GLfloat', possible loss of data
SceneManager.cpp(179): warning C4244: '=': conversion from 'double' to 'GLfloat', possible loss of data
SceneManager.cpp(180): warning C4244: '=': conversion from 'double' to 'GLfloat', possible loss of data
SceneManager.cpp(181): warning C4244: '=': conversion from 'double' to 'GLfloat', possible loss of data
SceneManager.cpp(183): warning C4244: '=': conversion from 'double' to 'int', possible loss of data
SceneManager.cpp(186): warning C4244: '=': conversion from 'double' to 'GLfloat', possible loss of data
SceneManager.cpp(187): warning C4244: '=': conversion from 'double' to 'GLfloat', possible loss of data
SceneManager.cpp(188): warning C4244: '=': conversion from 'double' to 'GLfloat', possible loss of data
SceneManager.cpp(190): warning C4244: '=': conversion from 'double' to 'GLfloat', possible loss of data
SceneManager.cpp(191): warning C4244: '=': conversion from 'double' to 'GLfloat', possible loss of data
SceneManager.cpp(192): warning C4244: '=': conversion from 'double' to 'GLfloat', possible loss of data
SceneManager.cpp(194): warning C4244: '=': conversion from 'double' to 'GLfloat', possible loss of data
SceneManager.cpp(195): warning C4244: '=': conversion from 'double' to 'GLfloat', possible loss of data
SceneManager.cpp(196): warning C4244: '=': conversion from 'double' to 'GLfloat', possible loss of data
SceneManager.cpp(199): warning C4244: '=': conversion from 'double' to 'GLfloat', possible loss of data
SceneManager.cpp(200): warning C4244: '=': conversion from 'double' to 'GLfloat', possible loss of data
SceneManager.cpp(201): warning C4244: '=': conversion from 'double' to 'GLfloat', possible loss of data
SceneManager.cpp(203): warning C4244: '=': conversion from 'double' to 'GLfloat', possible loss of data
SceneManager.cpp(204): warning C4244: '=': conversion from 'double' to 'GLfloat', possible loss of data
SceneManager.cpp(205): warning C4244: '=': conversion from 'double' to 'GLfloat', possible loss of data
SceneManager.cpp(207): warning C4244: '=': conversion from 'double' to 'GLfloat', possible loss of data
SceneManager.cpp(208): warning C4244: '=': conversion from 'double' to 'GLfloat', possible loss of data
SceneManager.cpp(209): warning C4244: '=': conversion from 'double' to 'GLfloat', possible loss of data
SceneManager.cpp(234): warning C4018: '<': signed/unsigned mismatch
  SceneObject.cpp
SceneObject.cpp(45): warning C4018: '<': signed/unsigned mismatch
  Shader.cpp
Shader.cpp(8): warning C4996: 'strcpy': This function or variable may be unsafe. Consider using strcpy_s instead. To disable deprecation, use _CRT_SECURE_NO_WARNINGS. See online help for details.
  C:\Program Files (x86)\Windows Kits\10\Include\10.0.10240.0\ucrt\string.h(119): note: see declaration of 'strcpy'
Shader.cpp(17): warning C4996: 'strcpy': This function or variable may be unsafe. Consider using strcpy_s instead. To disable deprecation, use _CRT_SECURE_NO_WARNINGS. See online help for details.
  C:\Program Files (x86)\Windows Kits\10\Include\10.0.10240.0\ucrt\string.h(119): note: see declaration of 'strcpy'
  SkyBoxObject.cpp
  TerrainObject.cpp
  Texture.cpp
LINK : fatal error LNK1104: cannot open file 'D:\Desktop\GAMELOFT\proiect_2015\NewTrainingFramework_2015\\BIN-Nvidia\NewTrainingFramework.exe'
